TextViewerModule/build/outputs/mapping/release/configuration.txt
# The proguard configuration file for the following section is default_proguard_files/global/proguard-android-optimize.txt-9.4.1
# This is a configuration file for ProGuard.
# http://proguard.sourceforge.net/index.html#manual/usage.html
#
# Starting with version 2.2 of the Android plugin for Gradle, this file is distributed together with
# the plugin and unpacked at build-time. The files in $ANDROID_HOME are no longer maintained and
# will be ignored by new version of the Android plugin for Gradle.

# Optimizations: If you don't want to optimize, use the proguard-android.txt configuration file
# instead of this one, which turns off the optimization flags.
-allowaccessmodification

# Preserve some attributes that may be required for reflection.
-keepattributes AnnotationDefault,
                EnclosingMethod,
                InnerClasses,
                RuntimeVisibleAnnotations,
                RuntimeVisibleParameterAnnotations,
                RuntimeVisibleTypeAnnotations,
                Signature

-keep public class com.google.vending.licensing.ILicensingService
-keep public class com.android.vending.licensing.ILicensingService
-keep public class com.google.android.vending.licensing.ILicensingService
-dontnote com.android.vending.licensing.ILicensingService
-dontnote com.google.vending.licensing.ILicensingService
-dontnote com.google.android.vending.licensing.ILicensingService

# For native methods, see https://www.guardsquare.com/manual/configuration/examples#native
-keepclasseswithmembernames,includedescriptorclasses class * {
    native <methods>;
}

# Keep setters in Views so that animations can still work.
-keepclassmembers public class * extends android.view.View {
    void set*(***);
    *** get*();
}

# We want to keep methods in Activity that could be used in the XML attribute onClick.
-keepclassmembers class * extends android.app.Activity {
    public void *(android.view.View);
}

# For enumeration classes, see https://www.guardsquare.com/manual/configuration/examples#enumerations
-keepclassmembers enum * {
    public static **[] values();
    public static ** valueOf(java.lang.String);
}

-keepclassmembers class * implements android.os.Parcelable {
    public static final ** CREATOR;
}

# Preserve annotated Javascript interface methods.
-keepclassmembers class * {
    @android.webkit.JavascriptInterface <methods>;
}

# The support libraries contains references to newer platform versions.
# Don't warn about those in case this app is linking against an older
# platform version. We know about them, and they are safe.
-dontnote android.support.**
-dontnote androidx.**
-dontwarn android.support.**
-dontwarn androidx.**

# Understand the @Keep support annotation.
-keep class android.support.annotation.Keep

-keep @android.support.annotation.Keep class * {*;}

-keepclasseswithmembers class * {
    @android.support.annotation.Keep <methods>;
}

-keepclasseswithmembers class * {
    @android.support.annotation.Keep <fields>;
}

-keepclasseswithmembers class * {
    @android.support.annotation.Keep <init>(...);
}

# These classes are duplicated between android.jar and org.apache.http.legacy.jar.
-dontnote org.apache.http.**
-dontnote android.net.http.**

# These classes are duplicated between android.jar and core-lambda-stubs.jar.
-dontnote java.lang.invoke.**

# End of content from default_proguard_files/global/proguard-android-optimize.txt-9.4.1
# The proguard configuration file for the following section is TextFileViewer-for-Android/textviewermodule/proguard-rules.pro
# Add project specific ProGuard rules here.
# You can control the set of applied configuration files using the
# proguardFiles setting in build.gradle.kts.
#
# For more details, see
#   http://developer.android.com/guide/developing/tools/proguard.html

# If your project uses WebView with JS, uncomment the following
# and specify the fully qualified class name to the JavaScript interface
# class:
#-keepclassmembers class fqcn.of.javascript.interface.for.webview {
#   public *;
#}

# Uncomment this to preserve the line number information for
# debugging stack traces.
#-keepattributes SourceFile,LineNumberTable

# If you keep the line number information, uncomment this to
# hide the original source file name.
#-renamesourcefileattribute SourceFile
-dontwarn java.lang.invoke.StringConcatFactory
# End of content from TextFileViewer-for-Android/textviewermodule/proguard-rules.pro
# The proguard configuration file for the following section is com.google.android.material:material:1.14.0 (extracted file: /Users/bharathvishal/.gradle/caches/9.6.0/transforms/3016b6593935e193b398c0976003289a/transformed/material-1.14.0/proguard.txt)
# Copyright (C) 2015 The Android Open Source Project
#
# Licensed under the Apache License, Version 2.0 (the "License");
# you may not use this file except in compliance with the License.
# You may obtain a copy of the License at
#
#      http://www.apache.org/licenses/LICENSE-2.0
#
# Unless required by applicable law or agreed to in writing, software
# distributed under the License is distributed on an "AS IS" BASIS,
# WITHOUT WARRANTIES OR CONDITIONS OF ANY KIND, either express or implied.
# See the License for the specific language governing permissions and
# limitations under the License.

# CoordinatorLayout resolves the behaviors of its child components with reflection.
-keep public class * extends androidx.coordinatorlayout.widget.CoordinatorLayout$Behavior {
    public <init>(android.content.Context, android.util.AttributeSet);
    public <init>();
}

# Make sure we keep annotations for CoordinatorLayout's DefaultBehavior
-keepattributes RuntimeVisible*Annotation*

# Copyright (C) 2018 The Android Open Source Project
#
# Licensed under the Apache License, Version 2.0 (the "License");
# you may not use this file except in compliance with the License.
# You may obtain a copy of the License at
#
#      http://www.apache.org/licenses/LICENSE-2.0
#
# Unless required by applicable law or agreed to in writing, software
# distributed under the License is distributed on an "AS IS" BASIS,
# WITHOUT WARRANTIES OR CONDITIONS OF ANY KIND, either express or implied.
# See the License for the specific language governing permissions and
# limitations under the License.

# AppCompatViewInflater reads the viewInflaterClass theme attribute which then
# reflectively instantiates MaterialComponentsViewInflater using the no-argument
# constructor. We only need to keep this constructor and the class name if
# AppCompatViewInflater is also being kept.
-if class androidx.appcompat.app.AppCompatViewInflater
-keep class com.google.android.material.theme.MaterialComponentsViewInflater {
    <init>();
}

-keep class com.google.android.material.focus.FocusRingDrawable {
    <init>();
}

# End of content from com.google.android.material:material:1.14.0 (extracted file: /Users/bharathvishal/.gradle/caches/9.6.0/transforms/3016b6593935e193b398c0976003289a/transformed/material-1.14.0/proguard.txt)
# The proguard configuration file for the following section is androidx.core:core-splashscreen:1.2.0 (extracted file: /Users/bharathvishal/.gradle/caches/9.6.0/transforms/8690ce51e33d85fd1acfd848bb32d4cf/transformed/jetified-core-splashscreen-1.2.0/proguard.txt)
# Intentionally empty proguard rules to indicate this library is safe to shrink

# End of content from androidx.core:core-splashscreen:1.2.0 (extracted file: /Users/bharathvishal/.gradle/caches/9.6.0/transforms/8690ce51e33d85fd1acfd848bb32d4cf/transformed/jetified-core-splashscreen-1.2.0/proguard.txt)
# The proguard configuration file for the following section is androidx.appcompat:appcompat:1.8.0 (extracted file: /Users/bharathvishal/.gradle/caches/9.6.0/transforms/462644877f4eebe765f156cc72355c79/transformed/appcompat-1.8.0/proguard.txt)
# Copyright (C) 2018 The Android Open Source Project
#
# Licensed under the Apache License, Version 2.0 (the "License");
# you may not use this file except in compliance with the License.
# You may obtain a copy of the License at
#
#      http://www.apache.org/licenses/LICENSE-2.0
#
# Unless required by applicable law or agreed to in writing, software
# distributed under the License is distributed on an "AS IS" BASIS,
# WITHOUT WARRANTIES OR CONDITIONS OF ANY KIND, either express or implied.
# See the License for the specific language governing permissions and
# limitations under the License.

# Never inline methods, but allow shrinking and obfuscation.
-keepclassmembernames,allowobfuscation,allowshrinking class androidx.appcompat.widget.AppCompatTextViewAutoSizeHelper$Impl* {
  <methods>;
}

# End of content from androidx.appcompat:appcompat:1.8.0 (extracted file: /Users/bharathvishal/.gradle/caches/9.6.0/transforms/462644877f4eebe765f156cc72355c79/transformed/appcompat-1.8.0/proguard.txt)
# The proguard configuration file for the following section is androidx.compose.material3:material3-window-size-class-android:1.4.0 (extracted file: /Users/bharathvishal/.gradle/caches/9.6.0/transforms/8a9fbd66093e63875609ecae407fc9e7/transformed/jetified-material3-window-size-class/proguard.txt)
# Intentionally empty proguard rules to indicate this library is safe to shrink

# End of content from androidx.compose.material3:material3-window-size-class-android:1.4.0 (extracted file: /Users/bharathvishal/.gradle/caches/9.6.0/transforms/8a9fbd66093e63875609ecae407fc9e7/transformed/jetified-material3-window-size-class/proguard.txt)
# The proguard configuration file for the following section is androidx.compose.material3:material3-android:1.4.0 (extracted file: /Users/bharathvishal/.gradle/caches/9.6.0/transforms/7c25aef124da6c29da7a958fabf21298/transformed/jetified-material3/proguard.txt)
# Intentionally empty proguard rules to indicate this library is safe to shrink

# End of content from androidx.compose.material3:material3-android:1.4.0 (extracted file: /Users/bharathvishal/.gradle/caches/9.6.0/transforms/7c25aef124da6c29da7a958fabf21298/transformed/jetified-material3/proguard.txt)
# The proguard configuration file for the following section is com.github.bumptech.glide:glide:5.0.9 (extracted file: /Users/bharathvishal/.gradle/caches/9.6.0/transforms/b21449e513af6fb9fe59d046c8053ce0/transformed/jetified-glide-5.0.9/proguard.txt)
-keep public class * implements com.bumptech.glide.module.GlideModule
-keep class * extends com.bumptech.glide.module.AppGlideModule {
 <init>(...);
}
-keep public enum com.bumptech.glide.load.ImageHeaderParser$** {
  **[] $VALUES;
  public *;
}
-keep class com.bumptech.glide.load.data.ParcelFileDescriptorRewinder$InternalRewinder {
  *** rewind();
}

# Uncomment for DexGuard only
#-keepresourcexmlelements manifest/application/meta-data@value=GlideModule

# End of content from com.github.bumptech.glide:glide:5.0.9 (extracted file: /Users/bharathvishal/.gradle/caches/9.6.0/transforms/b21449e513af6fb9fe59d046c8053ce0/transformed/jetified-glide-5.0.9/proguard.txt)
# The proguard configuration file for the following section is androidx.recyclerview:recyclerview:1.3.1 (extracted file: /Users/bharathvishal/.gradle/caches/9.6.0/transforms/d150a207564a810be7ee7ec2a7592740/transformed/recyclerview-1.3.1/proguard.txt)
# Copyright (C) 2015 The Android Open Source Project
#
# Licensed under the Apache License, Version 2.0 (the "License");
# you may not use this file except in compliance with the License.
# You may obtain a copy of the License at
#
#      http://www.apache.org/licenses/LICENSE-2.0
#
# Unless required by applicable law or agreed to in writing, software
# distributed under the License is distributed on an "AS IS" BASIS,
# WITHOUT WARRANTIES OR CONDITIONS OF ANY KIND, either express or implied.
# See the License for the specific language governing permissions and
# limitations under the License.

# When layoutManager xml attribute is used, RecyclerView inflates
#LayoutManagers' constructors using reflection.
-keep public class * extends androidx.recyclerview.widget.RecyclerView$LayoutManager {
    public <init>(android.content.Context, android.util.AttributeSet, int, int);
    public <init>();
}

-keepclassmembers class androidx.recyclerview.widget.RecyclerView {
    public void suppressLayout(boolean);
    public boolean isLayoutSuppressed();
}
# End of content from androidx.recyclerview:recyclerview:1.3.1 (extracted file: /Users/bharathvishal/.gradle/caches/9.6.0/transforms/d150a207564a810be7ee7ec2a7592740/transformed/recyclerview-1.3.1/proguard.txt)
# The proguard configuration file for the following section is com.google.android.gms:play-services-measurement:23.2.0 (extracted file: /Users/bharathvishal/.gradle/caches/9.6.0/transforms/5813806bbe7156d6b2986b82895db67e/transformed/jetified-play-services-measurement-23.2.0/proguard.txt)
# We keep all fields for every generated proto file as the runtime uses
# reflection over them that ProGuard cannot detect. Without this keep
# rule, fields may be removed that would cause runtime failures.
-keepclassmembers class * extends com.google.android.gms.internal.measurement.zzadu {
  <fields>;
}

# End of content from com.google.android.gms:play-services-measurement:23.2.0 (extracted file: /Users/bharathvishal/.gradle/caches/9.6.0/transforms/5813806bbe7156d6b2986b82895db67e/transformed/jetified-play-services-measurement-23.2.0/proguard.txt)
# The proguard configuration file for the following section is com.google.android.gms:play-services-measurement-api:23.2.0 (extracted file: /Users/bharathvishal/.gradle/caches/9.6.0/transforms/1c6997aab3d43a0bf9cdd4203a524d54/transformed/jetified-play-services-measurement-api-23.2.0/proguard.txt)
# Can be removed once we pull in a dependency on firebase-common that includes
# https://github.com/firebase/firebase-android-sdk/pull/1472/commits/856f1ca1151cdd88679bbc778892f23dfa34fc06#diff-a2ed34b5a38b4c6c686b09e54865eb48
-dontwarn com.google.auto.value.AutoValue
-dontwarn com.google.auto.value.AutoValue$Builder

# We keep all fields for every generated proto file as the runtime uses
# reflection over them that ProGuard cannot detect. Without this keep
# rule, fields may be removed that would cause runtime failures.
-keepclassmembers class * extends com.google.android.gms.internal.measurement.zzadu {
  <fields>;
}

# End of content from com.google.android.gms:play-services-measurement-api:23.2.0 (extracted file: /Users/bharathvishal/.gradle/caches/9.6.0/transforms/1c6997aab3d43a0bf9cdd4203a524d54/transformed/jetified-play-services-measurement-api-23.2.0/proguard.txt)
# The proguard configuration file for the following section is com.google.android.gms:play-services-measurement-sdk:23.2.0 (extracted file: /Users/bharathvishal/.gradle/caches/9.6.0/transforms/4f6cfdae01e5dc8437750d0cb2651e83/transformed/jetified-play-services-measurement-sdk-23.2.0/proguard.txt)
# We keep all fields for every generated proto file as the runtime uses
# reflection over them that ProGuard cannot detect. Without this keep
# rule, fields may be removed that would cause runtime failures.
-keepclassmembers class * extends com.google.android.gms.internal.measurement.zzadu {
  <fields>;
}

# End of content from com.google.android.gms:play-services-measurement-sdk:23.2.0 (extracted file: /Users/bharathvishal/.gradle/caches/9.6.0/transforms/4f6cfdae01e5dc8437750d0cb2651e83/transformed/jetified-play-services-measurement-sdk-23.2.0/proguard.txt)
# The proguard configuration file for the following section is com.google.android.gms:play-services-measurement-impl:23.2.0 (extracted file: /Users/bharathvishal/.gradle/caches/9.6.0/transforms/6e57bfb7a829b1779d700356da8604ad/transformed/jetified-play-services-measurement-impl-23.2.0/proguard.txt)
-dontwarn dalvik.system.VMStack
-dontwarn com.google.common.annotations.GoogleInternal

# We keep all fields for every generated proto file as the runtime uses
# reflection over them that ProGuard cannot detect. Without this keep
# rule, fields may be removed that would cause runtime failures.
-keepclassmembers class * extends com.google.android.gms.internal.measurement.zzadu {
  <fields>;
}

# End of content from com.google.android.gms:play-services-measurement-impl:23.2.0 (extracted file: /Users/bharathvishal/.gradle/caches/9.6.0/transforms/6e57bfb7a829b1779d700356da8604ad/transformed/jetified-play-services-measurement-impl-23.2.0/proguard.txt)
# The proguard configuration file for the following section is com.google.android.gms:play-services-measurement-sdk-api:23.2.0 (extracted file: /Users/bharathvishal/.gradle/caches/9.6.0/transforms/252fb38bf27e1d77cf804660c634a8ab/transformed/jetified-play-services-measurement-sdk-api-23.2.0/proguard.txt)
# We keep all fields for every generated proto file as the runtime uses
# reflection over them that ProGuard cannot detect. Without this keep
# rule, fields may be removed that would cause runtime failures.
-keepclassmembers class * extends com.google.android.gms.internal.measurement.zzadu {
  <fields>;
}

# End of content from com.google.android.gms:play-services-measurement-sdk-api:23.2.0 (extracted file: /Users/bharathvishal/.gradle/caches/9.6.0/transforms/252fb38bf27e1d77cf804660c634a8ab/transformed/jetified-play-services-measurement-sdk-api-23.2.0/proguard.txt)
# The proguard configuration file for the following section is com.google.android.gms:play-services-measurement-base:23.2.0 (extracted file: /Users/bharathvishal/.gradle/caches/9.6.0/transforms/169e37f45239c8b29f0d1825905fe490/transformed/jetified-play-services-measurement-base-23.2.0/proguard.txt)
# We keep all fields for every generated proto file as the runtime uses
# reflection over them that ProGuard cannot detect. Without this keep
# rule, fields may be removed that would cause runtime failures.
-keepclassmembers class * extends com.google.android.gms.internal.measurement.zzadu {
  <fields>;
}

# End of content from com.google.android.gms:play-services-measurement-base:23.2.0 (extracted file: /Users/bharathvishal/.gradle/caches/9.6.0/transforms/169e37f45239c8b29f0d1825905fe490/transformed/jetified-play-services-measurement-base-23.2.0/proguard.txt)
# The proguard configuration file for the following section is com.google.firebase:firebase-common:21.0.0 (extracted file: /Users/bharathvishal/.gradle/caches/9.6.0/transforms/ea7399a320e129c26f892320c7933175/transformed/jetified-firebase-common-21.0.0/proguard.txt)
-dontwarn com.google.firebase.platforminfo.KotlinDetector
-dontwarn com.google.auto.value.AutoValue
-dontwarn com.google.auto.value.AutoValue$Builder

# End of content from com.google.firebase:firebase-common:21.0.0 (extracted file: /Users/bharathvishal/.gradle/caches/9.6.0/transforms/ea7399a320e129c26f892320c7933175/transformed/jetified-firebase-common-21.0.0/proguard.txt)
# The proguard configuration file for the following section is com.google.android.gms:play-services-base:18.5.0 (extracted file: /Users/bharathvishal/.gradle/caches/9.6.0/transforms/8a11e8afe1dd318e605b8543253776c5/transformed/jetified-play-services-base-18.5.0/proguard.txt)
# b/35135904 Ensure that proguard will not strip the mResultGuardian.
-keepclassmembers class com.google.android.gms.common.api.internal.BasePendingResult {
  com.google.android.gms.common.api.internal.BasePendingResult$ReleasableResultGuardian mResultGuardian;
}



# End of content from com.google.android.gms:play-services-base:18.5.0 (extracted file: /Users/bharathvishal/.gradle/caches/9.6.0/transforms/8a11e8afe1dd318e605b8543253776c5/transformed/jetified-play-services-base-18.5.0/proguard.txt)
# The proguard configuration file for the following section is com.google.android.gms:play-services-tasks:18.2.0 (extracted file: /Users/bharathvishal/.gradle/caches/9.6.0/transforms/7cfbcb5dc3e1ae5aa54e4ac649311d40/transformed/jetified-play-services-tasks-18.2.0/proguard.txt)


# End of content from com.google.android.gms:play-services-tasks:18.2.0 (extracted file: /Users/bharathvishal/.gradle/caches/9.6.0/transforms/7cfbcb5dc3e1ae5aa54e4ac649311d40/transformed/jetified-play-services-tasks-18.2.0/proguard.txt)