TextViewerModule/build/outputs/mapping/release/seeds.txt
com.bharathvishal.textfileviewer.R
com.bharathvishal.textfileviewer.R$color
com.bharathvishal.textfileviewer.R$style
com.bharathvishal.textfileviewer.R$layout
com.bharathvishal.textfileviewer.R$mipmap
com.bharathvishal.textfileviewer.R$xml
com.bharathvishal.textfileviewer.R$string
com.bharathvishal.textfileviewer.R$drawable
com.bharathvishal.textfileviewer.MainComponent.TextReaderModule
com.bharathvishal.textfileviewer.Activities.ExampleActivityKotlinCompose
com.bharathvishal.textfileviewer.R$dimen
com.bharathvishal.textfileviewer.Activities.ExampleActivityJava
com.bharathvishal.textfileviewer.Constants.Constants
com.bharathvishal.textfileviewer.Activities.TextViewMainActivity
com.bharathvishal.textfileviewer.R$color: int teal_700
com.bharathvishal.textfileviewer.R$color: int purple_500
com.bharathvishal.textfileviewer.R$style: int Theme_TextViewerAndroid
com.bharathvishal.textfileviewer.R$mipmap: int ic_launcher
com.bharathvishal.textfileviewer.R$string: int previous
com.bharathvishal.textfileviewer.MainComponent.TextReaderModule: android.content.Context mContext
com.bharathvishal.textfileviewer.MainComponent.TextReaderModule: boolean shouldOpenFileChooserIntent
com.bharathvishal.textfileviewer.Constants.Constants: java.lang.String SAVED_INSTANCE_SCROLL_RC_SETTING
com.bharathvishal.textfileviewer.MainComponent.TextReaderModule: boolean shouldShowLineLength
com.bharathvishal.textfileviewer.R$string: int second_fragment_label
com.bharathvishal.textfileviewer.R$layout: int mainlayout
com.bharathvishal.textfileviewer.Constants.Constants: java.lang.String SAVED_INSTANCE_FILE_NAME
com.bharathvishal.textfileviewer.R$drawable: int ic_launcher_foreground
com.bharathvishal.textfileviewer.Constants.Constants: java.lang.String FILE_PATH_FILE_FROM_BUNDLE
com.bharathvishal.textfileviewer.Constants.Constants: java.lang.String SAVED_INSTANCE_FILE_PATH_LOCATION
com.bharathvishal.textfileviewer.R$style: int Theme_TextViewerAndroid_NoActionBar
com.bharathvishal.textfileviewer.R$color: int purple_700
com.bharathvishal.textfileviewer.R$color: int white
com.bharathvishal.textfileviewer.MainComponent.TextReaderModule: int $stable
com.bharathvishal.textfileviewer.Constants.Constants: java.lang.String SHOULD_OPEN_TEXT_FILE_SELECTOR
com.bharathvishal.textfileviewer.R$color: int black
com.bharathvishal.textfileviewer.MainComponent.TextReaderModule: boolean isFileUri
com.bharathvishal.textfileviewer.R$style: int Theme_TextViewerAndroid_AppBarOverlay
com.bharathvishal.textfileviewer.R$xml: int providerpaths
com.bharathvishal.textfileviewer.R$mipmap: int ic_launcher_round
com.bharathvishal.textfileviewer.MainComponent.TextReaderModule: boolean isDeviceWearable
com.bharathvishal.textfileviewer.Constants.Constants: java.lang.String FILE_PATH_TYPE_URI
com.bharathvishal.textfileviewer.Constants.Constants: java.lang.String FILE_SHOULD_SHOW_LINE_NUMBER
com.bharathvishal.textfileviewer.R$color: int purple_200
com.bharathvishal.textfileviewer.R$drawable: int ic_launcher_background
com.bharathvishal.textfileviewer.R$style: int Base_Theme_TextViewerAndroid
com.bharathvishal.textfileviewer.MainComponent.TextReaderModule: boolean shouldShowLineNumber
com.bharathvishal.textfileviewer.Constants.Constants: java.lang.String STRING_EMPTY
com.bharathvishal.textfileviewer.MainComponent.TextReaderModule: java.lang.String filePath
com.bharathvishal.textfileviewer.Constants.Constants: java.lang.String FILE_SHOULD_SHOW_LINE_LENGTH
com.bharathvishal.textfileviewer.Constants.Constants: java.lang.String SYMBOL_HYPHEN
com.bharathvishal.textfileviewer.Constants.Constants: com.bharathvishal.textfileviewer.Constants.Constants INSTANCE
com.bharathvishal.textfileviewer.R$style: int Theme_TextViewerAndroid_PopupOverlay
com.bharathvishal.textfileviewer.Constants.Constants: java.lang.String SAVED_INSTANCE_SHOW_LINE_NUMBER_SETTING
com.bharathvishal.textfileviewer.R$string: int app_name
com.bharathvishal.textfileviewer.R$string: int first_fragment_label