TextViewerModule/build/outputs/mapping/release/mapping.txt
# compiler: R8
# compiler_version: 9.4.24
# common_typos_disable
# {"id":"com.android.tools.r8.mapping","version":"2.2"}
# pg_map_id: 1174c9a8eb133c5013a0020aade851f67dbecf4115444c8d3b3b58a89c05690a
# pg_map_hash: SHA-256 1174c9a8eb133c5013a0020aade851f67dbecf4115444c8d3b3b58a89c05690a
com.bharathvishal.textfileviewer.Activities.ComposableSingletons$TextViewMainActivityKt -> com.bharathvishal.textfileviewer.Activities.a:
# {"id":"sourceFile","fileName":"TextViewMainActivity.kt"}
    kotlin.jvm.functions.Function2 lambda$-1565490422 -> a
      # {"id":"com.android.tools.r8.residualsignature","signature":"Landroidx/compose/runtime/internal/ComposableLambda;"}
    1:1:void <clinit>():332:332 -> <clinit>
    1:1:kotlin.Unit lambda__1565490422$lambda$0(androidx.compose.runtime.Composer,int):333:333 -> a
    2:4:kotlin.Unit lambda__1565490422$lambda$0(androidx.compose.runtime.Composer,int):332:334 -> a
com.bharathvishal.textfileviewer.Activities.ExampleActivityJava -> com.bharathvishal.textfileviewer.Activities.ExampleActivityJava:
# {"id":"sourceFile","fileName":"ExampleActivityJava.java"}
    1:1:void <init>():35:35 -> <init>
    1:6:void onCreate(android.os.Bundle):39:44 -> onCreate
com.bharathvishal.textfileviewer.Activities.ExampleActivityKotlinCompose -> com.bharathvishal.textfileviewer.Activities.ExampleActivityKotlinCompose:
# {"id":"sourceFile","fileName":"ExampleActivityKotlinCompose.kt"}
    1:1:void <init>():42:42 -> <init>
    1:1:kotlin.Unit TextViewHere$lambda$0(com.bharathvishal.textfileviewer.Activities.ExampleActivityKotlinCompose,int,androidx.compose.runtime.Composer,int):0:0 -> a
    2:2:kotlin.Unit onCreate$lambda$0(com.bharathvishal.textfileviewer.Activities.ExampleActivityKotlinCompose,androidx.compose.runtime.Composer,int):47:47 -> a
    3:12:kotlin.Unit onCreate$lambda$0(com.bharathvishal.textfileviewer.Activities.ExampleActivityKotlinCompose,androidx.compose.runtime.Composer,int):46:55 -> a
    13:24:void TextViewHere(androidx.compose.runtime.Composer,int):63:74 -> a
    25:26:void TextViewHere(androidx.compose.runtime.Composer,int):68:69 -> a
    27:27:void TextViewHere(androidx.compose.runtime.Composer,int):64:64 -> a
    28:37:void TextViewHere(androidx.compose.runtime.Composer,int):63:72 -> a
    1:2:kotlin.Unit onCreate$lambda$0$0(com.bharathvishal.textfileviewer.Activities.ExampleActivityKotlinCompose,androidx.compose.runtime.Composer,int):50:51 -> b
    3:3:kotlin.Unit onCreate$lambda$0$0(com.bharathvishal.textfileviewer.Activities.ExampleActivityKotlinCompose,androidx.compose.runtime.Composer,int):49:49 -> b
com.bharathvishal.textfileviewer.Activities.TextViewMainActivity -> com.bharathvishal.textfileviewer.Activities.TextViewMainActivity:
# {"id":"sourceFile","fileName":"TextViewMainActivity.kt"}
    kotlinx.coroutines.CoroutineScope $$delegate_0 -> a
    androidx.compose.runtime.snapshots.SnapshotStateList textLineListSnapShot -> b
    android.content.Context mContext -> c
      # {"id":"com.android.tools.r8.residualsignature","signature":"Lcom/bharathvishal/textfileviewer/Activities/TextViewMainActivity;"}
    boolean showLineNumber -> d
    boolean showLineLength -> e
    boolean isFileTypeUri -> f
    java.lang.String fileToOpen -> g
    android.net.Uri fileToOpenUri -> h
    androidx.compose.runtime.MutableState fileNameTextFile -> i
    androidx.compose.runtime.MutableState showProgressBar -> j
    androidx.activity.result.ActivityResultLauncher resultLauncherPickTextFile -> k
    1:14:void <init>():58:71 -> <init>
    1:1:kotlin.Unit ComposableCardViewApp$lambda$1(com.bharathvishal.textfileviewer.Activities.TextViewMainActivity,java.lang.String,int,androidx.compose.runtime.Composer,int):0:0 -> a
    2:2:kotlin.Unit ComposableCardViewApp$lambda$3(com.bharathvishal.textfileviewer.Activities.TextViewMainActivity,java.lang.String,java.lang.String,int,androidx.compose.runtime.Composer,int):0:0 -> a