TextViewerModule/build/outputs/mapping/release/usage.txt
com.bharathvishal.textfileviewer.Activities.TextViewMainActivity$LazyColumnView$lambda$0$0$$inlined$items$default$2
com.bharathvishal.textfileviewer.Activities.TextViewMainActivity:
    public final void DefaultPreview(androidx.compose.runtime.Composer,int)
    private static final kotlin.Unit DefaultPreview$lambda$0(com.bharathvishal.textfileviewer.Activities.TextViewMainActivity,androidx.compose.runtime.Composer,int)
    private static final kotlin.Unit DefaultPreview$lambda$1(com.bharathvishal.textfileviewer.Activities.TextViewMainActivity,int,androidx.compose.runtime.Composer,int)
    public final androidx.activity.result.ActivityResultLauncher getResultLauncherPickTextFile()
    public final void setTextLineListSnapShot(androidx.compose.runtime.snapshots.SnapshotStateList)
com.bharathvishal.textfileviewer.Utilities.Utilities:
    public static final int $stable
com.bharathvishal.textfileviewer.databinding.MainlayoutBinding
com.bharathvishal.textfileviewer.Activities.ComposableSingletons$TextViewMainActivityKt:
    public static final com.bharathvishal.textfileviewer.Activities.ComposableSingletons$TextViewMainActivityKt INSTANCE
    public void <init>()
com.bharathvishal.textfileviewer.Activities.ExampleActivityKotlinCompose:
    public static final int $stable
    static void <clinit>()
com.bharathvishal.textfileviewer.Activities.TextViewMainActivity$LazyColumnView$lambda$0$0$$inlined$items$default$1
com.bharathvishal.textfileviewer.Activities.TextViewMainActivity$LazyColumnView$lambda$0$0$$inlined$items$default$3:
    public final synthetic kotlin.jvm.functions.Function1 $contentType
    public final void invoke(int)
com.bharathvishal.textfileviewer.Activities.TextViewMainActivity$LazyColumnView$lambda$0$0$$inlined$items$default$4:
    public static void invoke()
com.bharathvishal.textfileviewer.Activities.TextViewMainActivity$loadTextFile$1$3:
    public int label
    public static java.lang.Object invoke()
com.bharathvishal.textfileviewer.Activities.TextViewMainActivity$loadTextFile$1:
    public static java.lang.Object invoke()
com.bharathvishal.textfileviewer.Activities.TextViewMainActivity:
    public static final int $stable
    static void <clinit>()
    public final void loadTextFile(android.content.Context,boolean)
com.bharathvishal.textfileviewer.Classes.TextLineRepresentation:
    public static final int $stable
    static void <clinit>()
    public static void setLineNumber()
    public static void setTextLine()
    public static void setTextNoOfCharacters()
com.bharathvishal.textfileviewer.MainComponent.TextReaderModule:
    static void <clinit>()
com.bharathvishal.textfileviewer.Utilities.Utilities